# JRE version: OpenJDK Runtime Environment (8.0_112-b06) (build 1.8.0_112-release-b06)
# Java VM: OpenJDK 64-Bit Server VM (25.112-b06 mixed mode windows-amd64 compressed oops)
Heap:
 PSYoungGen      total 374272K, used 189103K [0x00000000e0000000, 0x00000000ff180000, 0x0000000100000000)
  eden space 349184K, 46% used [0x00000000e0000000,0x00000000ea0337f0,0x00000000f5500000)
  from space 25088K, 99% used [0x00000000f5500000,0x00000000f6d784a0,0x00000000f6d80000)
  to   space 35328K, 0% used [0x00000000fcf00000,0x00000000fcf00000,0x00000000ff180000)
 ParOldGen       total 100352K, used 64581K [0x00000000a0000000, 0x00000000a6200000, 0x00000000e0000000)
  object space 100352K, 64% used [0x00000000a0000000,0x00000000a3f117b8,0x00000000a6200000)
 Metaspace       used 64811K, capacity 68150K, committed 68352K, reserved 1107968K
  class space    used 8512K, capacity 9113K, committed 9216K, reserved 1048576K
GC Heap History (10 events):
Event: 269.986 GC heap before
{Heap before GC invocations=14 (full 2):
 PSYoungGen      total 223232K, used 123014K [0x00000000e0000000, 0x00000000f3f00000, 0x0000000100000000)
  eden space 206848K, 51% used [0x00000000e0000000,0x00000000e6821d38,0x00000000eca00000)
  from space 16384K, 99% used [0x00000000eca00000,0x00000000ed9ffb80,0x00000000eda00000)
  to   space 25088K, 0% used [0x00000000f2680000,0x00000000f2680000,0x00000000f3f00000)
 ParOldGen       total 48640K, used 33063K [0x00000000a0000000, 0x00000000a2f80000, 0x00000000e0000000)
  object space 48640K, 67% used [0x00000000a0000000,0x00000000a2049f08,0x00000000a2f80000)
 Metaspace       used 56584K, capacity 58908K, committed 59028K, reserved 1099776K
  class space    used 7607K, capacity 8087K, committed 8192K, reserved 1048576K
Event: 270.262 GC heap after
Heap after GC invocations=14 (full 2):
 PSYoungGen      total 294400K, used 6128K [0x00000000e0000000, 0x00000000f3b00000, 0x0000000100000000)
  eden space 273408K, 0% used [0x00000000e0000000,0x00000000e0000000,0x00000000f0b00000)
  from space 20992K, 29% used [0x00000000f2680000,0x00000000f2c7c030,0x00000000f3b00000)
  to   space 24576K, 0% used [0x00000000f0b00000,0x00000000f0b00000,0x00000000f2300000)
 ParOldGen       total 49664K, used 49467K [0x00000000a0000000, 0x00000000a3080000, 0x00000000e0000000)
  object space 49664K, 99% used [0x00000000a0000000,0x00000000a304ed00,0x00000000a3080000)
 Metaspace       used 56584K, capacity 58908K, committed 59028K, reserved 1099776K
  class space    used 7607K, capacity 8087K, committed 8192K, reserved 1048576K
}
Event: 270.262 GC heap before
{Heap before GC invocations=15 (full 3):
 PSYoungGen      total 294400K, used 6128K [0x00000000e0000000, 0x00000000f3b00000, 0x0000000100000000)
  eden space 273408K, 0% used [0x00000000e0000000,0x00000000e0000000,0x00000000f0b00000)
  from space 20992K, 29% used [0x00000000f2680000,0x00000000f2c7c030,0x00000000f3b00000)
  to   space 24576K, 0% used [0x00000000f0b00000,0x00000000f0b00000,0x00000000f2300000)
 ParOldGen       total 49664K, used 49467K [0x00000000a0000000, 0x00000000a3080000, 0x00000000e0000000)
  object space 49664K, 99% used [0x00000000a0000000,0x00000000a304ed00,0x00000000a3080000)
 Metaspace       used 56584K, capacity 58908K, committed 59028K, reserved 1099776K
  class space    used 7607K, capacity 8087K, committed 8192K, reserved 1048576K
Event: 272.530 GC heap after
Heap after GC invocations=15 (full 3):
 PSYoungGen      total 294400K, used 0K [0x00000000e0000000, 0x00000000f3b00000, 0x0000000100000000)
  eden space 273408K, 0% used [0x00000000e0000000,0x00000000e0000000,0x00000000f0b00000)
  from space 20992K, 0% used [0x00000000f2680000,0x00000000f2680000,0x00000000f3b00000)
  to   space 24576K, 0% used [0x00000000f0b00000,0x00000000f0b00000,0x00000000f2300000)
 ParOldGen       total 100352K, used 48592K [0x00000000a0000000, 0x00000000a6200000, 0x00000000e0000000)
  object space 100352K, 48% used [0x00000000a0000000,0x00000000a2f743b8,0x00000000a6200000)
 Metaspace       used 56584K, capacity 58908K, committed 59028K, reserved 1099776K
  class space    used 7607K, capacity 8087K, committed 8192K, reserved 1048576K
}
Event: 825.880 GC heap before
{Heap before GC invocations=16 (full 3):
 PSYoungGen      total 294400K, used 273408K [0x00000000e0000000, 0x00000000f3b00000, 0x0000000100000000)
  eden space 273408K, 100% used [0x00000000e0000000,0x00000000f0b00000,0x00000000f0b00000)
  from space 20992K, 0% used [0x00000000f2680000,0x00000000f2680000,0x00000000f3b00000)
  to   space 24576K, 0% used [0x00000000f0b00000,0x00000000f0b00000,0x00000000f2300000)
 ParOldGen       total 100352K, used 48592K [0x00000000a0000000, 0x00000000a6200000, 0x00000000e0000000)
  object space 100352K, 48% used [0x00000000a0000000,0x00000000a2f743b8,0x00000000a6200000)
 Metaspace       used 57920K, capacity 60648K, committed 60800K, reserved 1101824K
  class space    used 7730K, capacity 8276K, committed 8320K, reserved 1048576K
Event: 826.303 GC heap after
Heap after GC invocations=16 (full 3):
 PSYoungGen      total 297984K, used 4592K [0x00000000e0000000, 0x00000000f8500000, 0x0000000100000000)
  eden space 273408K, 0% used [0x00000000e0000000,0x00000000e0000000,0x00000000f0b00000)
  from space 24576K, 18% used [0x00000000f0b00000,0x00000000f0f7c010,0x00000000f2300000)
  to   space 24064K, 0% used [0x00000000f6d80000,0x00000000f6d80000,0x00000000f8500000)
 ParOldGen       total 100352K, used 48600K [0x00000000a0000000, 0x00000000a6200000, 0x00000000e0000000)
  object space 100352K, 48% used [0x00000000a0000000,0x00000000a2f763b8,0x00000000a6200000)
 Metaspace       used 57920K, capacity 60648K, committed 60800K, reserved 1101824K
  class space    used 7730K, capacity 8276K, committed 8320K, reserved 1048576K
}
Event: 1044.241 GC heap before
{Heap before GC invocations=17 (full 3):
 PSYoungGen      total 297984K, used 278000K [0x00000000e0000000, 0x00000000f8500000, 0x0000000100000000)
  eden space 273408K, 100% used [0x00000000e0000000,0x00000000f0b00000,0x00000000f0b00000)
  from space 24576K, 18% used [0x00000000f0b00000,0x00000000f0f7c010,0x00000000f2300000)
  to   space 24064K, 0% used [0x00000000f6d80000,0x00000000f6d80000,0x00000000f8500000)
 ParOldGen       total 100352K, used 48600K [0x00000000a0000000, 0x00000000a6200000, 0x00000000e0000000)
  object space 100352K, 48% used [0x00000000a0000000,0x00000000a2f763b8,0x00000000a6200000)
 Metaspace       used 62297K, capacity 65380K, committed 65536K, reserved 1105920K
  class space    used 8253K, capacity 8845K, committed 8960K, reserved 1048576K
Event: 1046.793 GC heap after
Heap after GC invocations=17 (full 3):
 PSYoungGen      total 373248K, used 16643K [0x00000000e0000000, 0x00000000f8680000, 0x0000000100000000)
  eden space 349184K, 0% used [0x00000000e0000000,0x00000000e0000000,0x00000000f5500000)
  from space 24064K, 69% used [0x00000000f6d80000,0x00000000f7dc0ef0,0x00000000f8500000)
  to   space 25088K, 0% used [0x00000000f5500000,0x00000000f5500000,0x00000000f6d80000)
 ParOldGen       total 100352K, used 48608K [0x00000000a0000000, 0x00000000a6200000, 0x00000000e0000000)
  object space 100352K, 48% used [0x00000000a0000000,0x00000000a2f783b8,0x00000000a6200000)
 Metaspace       used 62297K, capacity 65380K, committed 65536K, reserved 1105920K
  class space    used 8253K, capacity 8845K, committed 8960K, reserved 1048576K
}
Event: 1232.041 GC heap before
{Heap before GC invocations=18 (full 3):
 PSYoungGen      total 373248K, used 365827K [0x00000000e0000000, 0x00000000f8680000, 0x0000000100000000)
  eden space 349184K, 100% used [0x00000000e0000000,0x00000000f5500000,0x00000000f5500000)
  from space 24064K, 69% used [0x00000000f6d80000,0x00000000f7dc0ef0,0x00000000f8500000)
  to   space 25088K, 0% used [0x00000000f5500000,0x00000000f5500000,0x00000000f6d80000)
 ParOldGen       total 100352K, used 48608K [0x00000000a0000000, 0x00000000a6200000, 0x00000000e0000000)
  object space 100352K, 48% used [0x00000000a0000000,0x00000000a2f783b8,0x00000000a6200000)
 Metaspace       used 64529K, capacity 67726K, committed 67968K, reserved 1107968K
  class space    used 8475K, capacity 9070K, committed 9088K, reserved 1048576K
Event: 1232.974 GC heap after
Heap after GC invocations=18 (full 3):
 PSYoungGen      total 374272K, used 25057K [0x00000000e0000000, 0x00000000ff180000, 0x0000000100000000)
  eden space 349184K, 0% used [0x00000000e0000000,0x00000000e0000000,0x00000000f5500000)
  from space 25088K, 99% used [0x00000000f5500000,0x00000000f6d784a0,0x00000000f6d80000)
  to   space 35328K, 0% used [0x00000000fcf00000,0x00000000fcf00000,0x00000000ff180000)
 ParOldGen       total 100352K, used 64581K [0x00000000a0000000, 0x00000000a6200000, 0x00000000e0000000)
  object space 100352K, 64% used [0x00000000a0000000,0x00000000a3f117b8,0x00000000a6200000)
 Metaspace       used 64529K, capacity 67726K, committed 67968K, reserved 1107968K
  class space    used 8475K, capacity 9070K, committed 9088K, reserved 1048576K
}

